Save repository element : sthrd : Creation of initial version
Creating database: oerpdev
Save repository element : oerpdev : Creation of initial version
Creating database: ehr
Save repository element : ehr : Creation of initial version
Creating database: pabi2
Save repository element : pabi2 : Creation of initial version
Updating database connection   {0} 
Save repository element : pabi2 : Modification by user
Updating database connection   {0} 
Save repository element : pabi2 : Modification by user
Updating database connection   {0} 
Save repository element : pabi2 : Modification by user
Updating database connection   {0} 
Save repository element : ehr : Modification by user
Updating database connection   {0} 
Save repository element : pabi2 : Modification by user
Updating database connection   {0} 
Save repository element : pabi2 : Modification by user
Creating database: localhost
Save repository element : localhost : Creation of initial version
